# JRE version: Java(TM) SE Runtime Environment (7.0_80-b15) (build 1.7.0_80-b15)
# Java VM: Java HotSpot(TM) 64-Bit Server VM (24.80-b11 mixed mode linux-amd64 compressed oops)
Heap
 PSYoungGen      total 539136K, used 334083K [0x0000000758c80000, 0x000000079cd80000, 0x0000000800000000)
  eden space 518144K, 60% used [0x0000000758c80000,0x000000076bee6b18,0x0000000778680000)
  from space 20992K, 96% used [0x0000000778680000,0x0000000779a5a448,0x0000000779b00000)
  to   space 39424K, 0% used [0x000000079a700000,0x000000079a700000,0x000000079cd80000)
 ParOldGen       total 342016K, used 21655K [0x000000060a600000, 0x000000061f400000, 0x0000000758c80000)
  object space 342016K, 6% used [0x000000060a600000,0x000000060bb25cf0,0x000000061f400000)
 PSPermGen       total 52736K, used 52351K [0x0000000605400000, 0x0000000608780000, 0x000000060a600000)
  object space 52736K, 99% used [0x0000000605400000,0x000000060871fe70,0x0000000608780000)
GC Heap History (10 events):
Event: 1.168 GC heap before
{Heap before GC invocations=1 (full 0):
 PSYoungGen      total 150528K, used 129536K [0x0000000758c80000, 0x0000000763400000, 0x0000000800000000)
  eden space 129536K, 100% used [0x0000000758c80000,0x0000000760b00000,0x0000000760b00000)
  from space 20992K, 0% used [0x0000000761f80000,0x0000000761f80000,0x0000000763400000)
  to   space 20992K, 0% used [0x0000000760b00000,0x0000000760b00000,0x0000000761f80000)
 ParOldGen       total 342016K, used 0K [0x000000060a600000, 0x000000061f400000, 0x0000000758c80000)
  object space 342016K, 0% used [0x000000060a600000,0x000000060a600000,0x000000061f400000)
 PSPermGen       total 21504K, used 11472K [0x0000000605400000, 0x0000000606900000, 0x000000060a600000)
  object space 21504K, 53% used [0x0000000605400000,0x0000000605f34200,0x0000000606900000)
Event: 1.180 GC heap after
Heap after GC invocations=1 (full 0):
 PSYoungGen      total 150528K, used 7069K [0x0000000758c80000, 0x000000076b280000, 0x0000000800000000)
  eden space 129536K, 0% used [0x0000000758c80000,0x0000000758c80000,0x0000000760b00000)
  from space 20992K, 33% used [0x0000000760b00000,0x00000007611e7410,0x0000000761f80000)
  to   space 20992K, 0% used [0x0000000769e00000,0x0000000769e00000,0x000000076b280000)
 ParOldGen       total 342016K, used 8K [0x000000060a600000, 0x000000061f400000, 0x0000000758c80000)
  object space 342016K, 0% used [0x000000060a600000,0x000000060a602000,0x000000061f400000)
 PSPermGen       total 21504K, used 11472K [0x0000000605400000, 0x0000000606900000, 0x000000060a600000)
  object space 21504K, 53% used [0x0000000605400000,0x0000000605f34200,0x0000000606900000)
}
Event: 3.165 GC heap before
{Heap before GC invocations=2 (full 0):
 PSYoungGen      total 150528K, used 136605K [0x0000000758c80000, 0x000000076b280000, 0x0000000800000000)
  eden space 129536K, 100% used [0x0000000758c80000,0x0000000760b00000,0x0000000760b00000)
  from space 20992K, 33% used [0x0000000760b00000,0x00000007611e7410,0x0000000761f80000)
  to   space 20992K, 0% used [0x0000000769e00000,0x0000000769e00000,0x000000076b280000)
 ParOldGen       total 342016K, used 8K [0x000000060a600000, 0x000000061f400000, 0x0000000758c80000)
  object space 342016K, 0% used [0x000000060a600000,0x000000060a602000,0x000000061f400000)
 PSPermGen       total 23552K, used 23533K [0x0000000605400000, 0x0000000606b00000, 0x000000060a600000)
  object space 23552K, 99% used [0x0000000605400000,0x0000000606afb5c8,0x0000000606b00000)
Event: 3.192 GC heap after
Heap after GC invocations=2 (full 0):
 PSYoungGen      total 280064K, used 17822K [0x0000000758c80000, 0x000000076b280000, 0x0000000800000000)
  eden space 259072K, 0% used [0x0000000758c80000,0x0000000758c80000,0x0000000768980000)
  from space 20992K, 84% used [0x0000000769e00000,0x000000076af67b70,0x000000076b280000)
  to   space 20992K, 0% used [0x0000000768980000,0x0000000768980000,0x0000000769e00000)
 ParOldGen       total 342016K, used 80K [0x000000060a600000, 0x000000061f400000, 0x0000000758c80000)
  object space 342016K, 0% used [0x000000060a600000,0x000000060a614010,0x000000061f400000)
 PSPermGen       total 23552K, used 23533K [0x0000000605400000, 0x0000000606b00000, 0x000000060a600000)
  object space 23552K, 99% used [0x0000000605400000,0x0000000606afb5c8,0x0000000606b00000)
}
Event: 4.807 GC heap before
{Heap before GC invocations=3 (full 0):
 PSYoungGen      total 280064K, used 276894K [0x0000000758c80000, 0x000000076b280000, 0x0000000800000000)
  eden space 259072K, 100% used [0x0000000758c80000,0x0000000768980000,0x0000000768980000)
  from space 20992K, 84% used [0x0000000769e00000,0x000000076af67b70,0x000000076b280000)
  to   space 20992K, 0% used [0x0000000768980000,0x0000000768980000,0x0000000769e00000)
 ParOldGen       total 342016K, used 80K [0x000000060a600000, 0x000000061f400000, 0x0000000758c80000)
  object space 342016K, 0% used [0x000000060a600000,0x000000060a614010,0x000000061f400000)
 PSPermGen       total 38400K, used 37988K [0x0000000605400000, 0x0000000607980000, 0x000000060a600000)
  object space 38400K, 98% used [0x0000000605400000,0x0000000607919300,0x0000000607980000)
Event: 4.849 GC heap after
Heap after GC invocations=3 (full 0):
 PSYoungGen      total 280064K, used 20975K [0x0000000758c80000, 0x000000077af80000, 0x0000000800000000)
  eden space 259072K, 0% used [0x0000000758c80000,0x0000000758c80000,0x0000000768980000)
  from space 20992K, 99% used [0x0000000768980000,0x0000000769dfbc20,0x0000000769e00000)
  to   space 20992K, 0% used [0x0000000779b00000,0x0000000779b00000,0x000000077af80000)
 ParOldGen       total 342016K, used 11349K [0x000000060a600000, 0x000000061f400000, 0x0000000758c80000)
  object space 342016K, 3% used [0x000000060a600000,0x000000060b1157d8,0x000000061f400000)
 PSPermGen       total 38400K, used 37988K [0x0000000605400000, 0x0000000607980000, 0x000000060a600000)
  object space 38400K, 98% used [0x0000000605400000,0x0000000607919300,0x0000000607980000)
}
Event: 10.018 GC heap before
{Heap before GC invocations=4 (full 0):
 PSYoungGen      total 280064K, used 280047K [0x0000000758c80000, 0x000000077af80000, 0x0000000800000000)
  eden space 259072K, 100% used [0x0000000758c80000,0x0000000768980000,0x0000000768980000)
  from space 20992K, 99% used [0x0000000768980000,0x0000000769dfbc20,0x0000000769e00000)
  to   space 20992K, 0% used [0x0000000779b00000,0x0000000779b00000,0x000000077af80000)
 ParOldGen       total 342016K, used 11349K [0x000000060a600000, 0x000000061f400000, 0x0000000758c80000)
  object space 342016K, 3% used [0x000000060a600000,0x000000060b1157d8,0x000000061f400000)
 PSPermGen       total 42496K, used 41996K [0x0000000605400000, 0x0000000607d80000, 0x000000060a600000)
  object space 42496K, 98% used [0x0000000605400000,0x0000000607d03378,0x0000000607d80000)
Event: 10.072 GC heap after
Heap after GC invocations=4 (full 0):
 PSYoungGen      total 539136K, used 20977K [0x0000000758c80000, 0x000000077af80000, 0x0000000800000000)
  eden space 518144K, 0% used [0x0000000758c80000,0x0000000758c80000,0x0000000778680000)
  from space 20992K, 99% used [0x0000000779b00000,0x000000077af7c6b0,0x000000077af80000)
  to   space 20992K, 0% used [0x0000000778680000,0x0000000778680000,0x0000000779b00000)
 ParOldGen       total 342016K, used 21647K [0x000000060a600000, 0x000000061f400000, 0x0000000758c80000)
  object space 342016K, 6% used [0x000000060a600000,0x000000060bb23cf0,0x000000061f400000)
 PSPermGen       total 42496K, used 41996K [0x0000000605400000, 0x0000000607d80000, 0x000000060a600000)
  object space 42496K, 98% used [0x0000000605400000,0x0000000607d03378,0x0000000607d80000)
}
Event: 11.247 GC heap before
{Heap before GC invocations=5 (full 0):
 PSYoungGen      total 539136K, used 539121K [0x0000000758c80000, 0x000000077af80000, 0x0000000800000000)
  eden space 518144K, 100% used [0x0000000758c80000,0x0000000778680000,0x0000000778680000)
  from space 20992K, 99% used [0x0000000779b00000,0x000000077af7c6b0,0x000000077af80000)
  to   space 20992K, 0% used [0x0000000778680000,0x0000000778680000,0x0000000779b00000)
 ParOldGen       total 342016K, used 21647K [0x000000060a600000, 0x000000061f400000, 0x0000000758c80000)
  object space 342016K, 6% used [0x000000060a600000,0x000000060bb23cf0,0x000000061f400000)
 PSPermGen       total 42496K, used 42011K [0x0000000605400000, 0x0000000607d80000, 0x000000060a600000)
  object space 42496K, 98% used [0x0000000605400000,0x0000000607d06c70,0x0000000607d80000)
Event: 11.278 GC heap after
Heap after GC invocations=5 (full 0):
 PSYoungGen      total 539136K, used 20329K [0x0000000758c80000, 0x000000079cd80000, 0x0000000800000000)
  eden space 518144K, 0% used [0x0000000758c80000,0x0000000758c80000,0x0000000778680000)
  from space 20992K, 96% used [0x0000000778680000,0x0000000779a5a448,0x0000000779b00000)
  to   space 39424K, 0% used [0x000000079a700000,0x000000079a700000,0x000000079cd80000)
 ParOldGen       total 342016K, used 21655K [0x000000060a600000, 0x000000061f400000, 0x0000000758c80000)
  object space 342016K, 6% used [0x000000060a600000,0x000000060bb25cf0,0x000000061f400000)
 PSPermGen       total 42496K, used 42011K [0x0000000605400000, 0x0000000607d80000, 0x000000060a600000)
  object space 42496K, 98% used [0x0000000605400000,0x0000000607d06c70,0x0000000607d80000)
}

